2026-01-28T07:22:15.312Z INFO  [payment-service,,] [boundedElastic-2] c.e.p.service.PaymentService - ë‹¤ë¥¸ ìŠ¤ë ˆë“œ/ì„œë²„ê°€ ì´ë¯¸ ì²˜ë¦¬ ì¤‘ì…ë‹ˆë‹¤. (PaymentID: 1)
2026-01-28T07:22:15.410Z WARN  [payment-service,,] [boundedElastic-2] c.e.p.service.PaymentService - PG ê²°ì œ ìŠ¹ì¸ ì‹¤íŒ¨. Payment ID: 1
2026-01-28T07:22:15.418Z ERROR [payment-service,,] [boundedElastic-2] c.e.p.service.PaymentService - ê²°ì œ íŒŒì´í”„ë¼ì¸ ìµœì¢… ì‹¤íŒ¨. Trip ID: trip-1
java.lang.RuntimeException: PG ê²°ì œ ìŠ¹ì¸ ì‹¤íŒ¨
	at com.example.payment_service.service.PaymentService.lambda$processPgAndComplete$7(PaymentService.java:105)
	at reactor.core.publisher.MonoCallable.call(MonoCallable.java:72)
	at reactor.core.publisher.FluxSubscribeOnCallable$CallableSubscribeOnSubscription.run(FluxSubscribeOnCallable.java:228)
	at reactor.core.scheduler.SchedulerTask.call(SchedulerTask.java:68)
	at reactor.core.scheduler.SchedulerTask.call(SchedulerTask.java:28)
	at java.base/java.util.concurrent.FutureTask.run(FutureTask.java:264)
	at java.base/java.util.concurrent.ScheduledThreadPoolExecutor$ScheduledFutureTask.run(ScheduledThreadPoolExecutor.java:304)
	at java.base/java.util.concurrent.ThreadPoolExecutor.runWorker(ThreadPoolExecutor.java:1136)
	at java.base/java.util.concurrent.ThreadPoolExecutor$Worker.run(ThreadPoolExecutor.java:635)
	at java.base/java.lang.Thread.run(Thread.java:842)
Caused by: java.lang.RuntimeException: PG Error
	at com.example.payment_service.client.VirtualPGClient.processPayment(VirtualPGClient.java:13)
	at com.example.payment_service.service.PaymentService.lambda$processPgAndComplete$7(PaymentService.java:100)
	... 9 common frames omitted
2026-01-28T07:22:15.468Z WARN  [payment-service,,] [Test worker] c.e.p.service.PaymentService - ì¼ì‹œì ì¸ ì¥ì•  ë°œìƒ. Kafka ì¬ì‹œë„ë¥¼ ìœ„í•´ ì—ëŸ¬ë¥¼ ì „íŒŒí•©ë‹ˆë‹¤. Trip ID: trip-1, Error: Service Down
2026-01-28T07:22:39.414Z WARN  [payment-service,,] [Test worker] c.e.p.s.PaymentTransactionService - ê²°ì œ ì‹¤íŒ¨ ì²˜ë¦¬ ë° Outbox ì €ì¥. Payment ID: 1, Reason: ì”ì•¡ ë¶€ì¡±
2026-01-28T07:22:39.848Z WARN  [payment-service,,] [Test worker] c.e.p.s.PaymentTransactionService - ì´ë¯¸ ì²˜ë¦¬ ì¤‘ì´ê±°ë‚˜ ì™„ë£Œëœ ê²°ì œì…ë‹ˆë‹¤. ì„ ì  ì‹¤íŒ¨. Payment ID: 1
2026-01-28T07:22:39.868Z INFO  [payment-service,,] [Test worker] c.e.p.s.PaymentTransactionService - ê²°ì œ ì™„ë£Œ ë° Outbox ì €ì¥ ì„±ê³µ. Payment ID: 1
2026-01-28T07:22:39.917Z INFO  [payment-service,,] [Test worker] c.e.p.s.PaymentTransactionService - ê²°ì œ ì²˜ë¦¬ ê¶Œí•œ íšë“ (PROCESSING ìƒíƒœë¡œ ë³€ê²½). Payment ID: 1
2026-01-28T07:22:39.934Z ERROR [payment-service,,] [Test worker] c.e.p.s.PaymentTransactionService - ğŸ›‘ ìˆ˜ê¸° ì •ì‚° í•„ìš” (UNKNOWN ìƒíƒœ). PaymentId: 1, PgTxId: pg_tx_123
2026-01-28T07:22:39.971Z INFO  [payment-service,,] [Test worker] c.e.p.s.PaymentTransactionService - ê²°ì œ ìš”ì²­ ê¸°ë¡ ì €ì¥(PENDING). Payment ID: 1
2026-01-28T07:22:39.980Z WARN  [payment-service,,] [Test worker] c.e.p.s.PaymentTransactionService - ì´ë¯¸ ì¡´ì¬í•˜ëŠ” ê²°ì œ ê±´ì…ë‹ˆë‹¤. TripID: trip-1
2026-01-28T07:22:51.460Z INFO  [payment-service,,] [Test worker] o.s.t.c.s.AnnotationConfigContextLoaderUtils - Could not detect default configuration classes for test class [com.example.payment_service.controller.InternalPaymentControllerTest]: InternalPaymentControllerTest does not declare any static, non-private, non-final, nested classes annotated with @Configuration.
2026-01-28T07:22:51.671Z INFO  [payment-service,,] [Test worker] o.s.b.t.c.SpringBootTestContextBootstrapper - Found @SpringBootConfiguration com.example.payment_service.PaymentServiceApplication for test class com.example.payment_service.controller.InternalPaymentControllerTest
2026-01-28T07:23:53.656Z INFO  [payment-service,,] [background-preinit] o.h.validator.internal.util.Version - HV000001: Hibernate Validator 8.0.2.Final
2026-01-28T07:23:53.736Z INFO  [payment-service,,] [Test worker] c.e.p.c.InternalPaymentControllerTest - Starting InternalPaymentControllerTest using Java 17.0.9 with PID 19304 (started by michi in C:\taxi\payment-service\payment-service)
2026-01-28T07:23:53.737Z INFO  [payment-service,,] [Test worker] c.e.p.c.InternalPaymentControllerTest - No active profile set, falling back to 1 default profile: "default"
2026-01-28T07:23:58.244Z INFO  [payment-service,,] [Test worker] o.s.b.t.m.w.SpringBootMockServletContext - Initializing Spring TestDispatcherServlet ''
2026-01-28T07:23:58.246Z INFO  [payment-service,,] [Test worker] o.s.t.w.s.TestDispatcherServlet - Initializing Servlet ''
2026-01-28T07:23:58.261Z INFO  [payment-service,,] [Test worker] o.s.t.w.s.TestDispatcherServlet - Completed initialization in 11 ms
2026-01-28T07:23:58.597Z INFO  [payment-service,,] [Test worker] c.e.p.c.InternalPaymentControllerTest - Started InternalPaymentControllerTest in 66.672 seconds (process running for 69.378)
